#
# There is insufficient memory for the Java Runtime Environment to continue.
# Native memory allocation (mmap) failed to map 268435456 bytes for Failed to commit area from 0x0000000701600000 to 0x0000000711600000 of length 268435456.
# Possible reasons:
#   The system is out of physical RAM or swap space
#   The process is running with CompressedOops enabled, and the Java Heap may be blocking the growth of the native heap
# Possible solutions:
#   Reduce memory load on the system
#   Increase physical memory or swap space
#   Check if swap backing store is full
#   Decrease Java heap size (-Xmx/-Xms)
#   Decrease number of Java threads
#   Decrease Java thread stack sizes (-Xss)
#   Set larger code cache with -XX:ReservedCodeCacheSize=
# This output file may be truncated or incomplete.
#
#  Out of Memory Error (./src/hotspot/os/windows/os_windows.cpp:3301), pid=14128, tid=13956
#
# JRE version:  (11.0.11+9) (build )
# Java VM: OpenJDK 64-Bit Server VM (11.0.11+9-b60-7590822, mixed mode, sharing, tiered, compressed oops, g1 gc, windows-amd64)
# No core dump will be written. Minidumps are not enabled by default on client versions of Windows
#

---------------  S U M M A R Y ------------

Command Line: org.jetbrains.kotlin.cli.jvm.K2JVMCompiler @C:\Users\Nader Mamdouh\AndroidStudioProjects\KidsDrawingApp\app\build\20220519_4426560605068023152.compiler.options

Host: Intel(R) Core(TM) i7-4600U CPU @ 2.10GHz, 4 cores, 15G,  Windows 10 , 64 bit Build 19041 (10.0.19041.1706)
Time: Thu May 19 14:30:27 2022 Egypt Standard Time elapsed time: 0.019808 seconds (0d 0h 0m 0s)

---------------  T H R E A D  ---------------

Current thread (0x0000029f3f76d800):  JavaThread "Unknown thread" [_thread_in_vm, id=13956, stack(0x000000f86c300000,0x000000f86c400000)]

Stack: [0x000000f86c300000,0x000000f86c400000]
Native frames: (J=compiled Java code, j=interpreted, Vv=VM code, C=native code)
V  [jvm.dll+0x5f214a]
V  [jvm.dll+0x726fb5]
V  [jvm.dll+0x7285cd]
V  [jvm.dll+0x728c83]
V  [jvm.dll+0x243278]
V  [jvm.dll+0x5ef544]
V  [jvm.dll+0x5e4495]
V  [jvm.dll+0x2fec5b]
V  [jvm.dll+0x2febca]
V  [jvm.dll+0x2feaa2]
V  [jvm.dll+0x303986]
V  [jvm.dll+0x34c3a3]
V  [jvm.dll+0x34caa6]
V  [jvm.dll+0x34c4a3]
V  [jvm.dll+0x2d9688]
V  [jvm.dll+0x2da837]
V  [jvm.dll+0x705ba7]
V  [jvm.dll+0x70739c]
V  [jvm.dll+0x3598f9]
V  [jvm.dll+0x6e931e]
V  [jvm.dll+0x3c1c43]
V  [jvm.dll+0x3c3e81]
C  [jli.dll+0x5373]
C  [ucrtbase.dll+0x21bb2]
C  [KERNEL32.DLL+0x17034]
C  [ntdll.dll+0x52651]


---------------  P R O C E S S  ---------------

Threads class SMR info:
_java_thread_list=0x0000029f3d6c9590, length=0, elements={
}

Java Threads: ( => current thread )

Other Threads:
  0x0000029f3f785000 GCTaskThread "GC Thread#0" [stack: 0x000000f86c400000,0x000000f86c500000] [id=13168]
  0x0000029f3f7e1800 ConcurrentGCThread "G1 Main Marker" [stack: 0x000000f86c500000,0x000000f86c600000] [id=12360]
  0x0000029f3f7e2800 ConcurrentGCThread "G1 Conc#0" [stack: 0x000000f86c600000,0x000000f86c700000] [id=14300]

[error occurred during error reporting (printing all threads), id 0xc0000005, EXCEPTION_ACCESS_VIOLATION (0xc0000005) at pc=0x00007ff9d9cc9c47]

VM state:not at safepoint (not fully initialized)

VM Mutex/Monitor currently owned by a thread:  ([mutex/lock_event])
[0x0000029f3f76aff0] Heap_lock - owner thread: 0x0000029f3f76d800

Heap address: 0x0000000701600000, size: 4074 MB, Compressed Oops mode: Non-zero based: 0x0000000701600000
Narrow klass base: 0x0000000000000000, Narrow klass shift: 0

GC Heap History (0 events):
No events

Deoptimization events (0 events):
No events

Classes redefined (0 events):
No events

Internal exceptions (0 events):
No events

Events (1 events):
Event: 0.012 Loaded shared library C:\Program Files\Android\Android Studio\jre\bin\zip.dll


Dynamic libraries:
0x00007ff6f9ac0000 - 0x00007ff6f9aca000 	C:\Program Files\Android\Android Studio\jre\bin\java.exe
0x00007ffa0b330000 - 0x00007ffa0b525000 	C:\Windows\SYSTEM32\ntdll.dll
0x00007ffa0a1e0000 - 0x00007ffa0a29d000 	C:\Windows\System32\KERNEL32.DLL
0x00007ffa08b40000 - 0x00007ffa08e0d000 	C:\Windows\System32\KERNELBASE.dll
0x00007ffa09000000 - 0x00007ffa09100000 	C:\Windows\System32\ucrtbase.dll
0x00007ff9eee50000 - 0x00007ff9eee67000 	C:\Program Files\Android\Android Studio\jre\bin\VCRUNTIME140.dll
0x00007ff9fad30000 - 0x00007ff9fad49000 	C:\Program Files\Android\Android Studio\jre\bin\jli.dll
0x00007ffa0a2a0000 - 0x00007ffa0a440000 	C:\Windows\System32\USER32.dll
0x00007ffa08a70000 - 0x00007ffa08a92000 	C:\Windows\System32\win32u.dll
0x00007ffa0a880000 - 0x00007ffa0a8aa000 	C:\Windows\System32\GDI32.dll
0x00007ff9fa840000 - 0x00007ff9faada000 	C:\Windows\WinSxS\amd64_microsoft.windows.common-controls_6595b64144ccf1df_6.0.19041.1110_none_60b5254171f9507e\COMCTL32.dll
0x00007ffa09270000 - 0x00007ffa0937b000 	C:\Windows\System32\gdi32full.dll
0x00007ffa08aa0000 - 0x00007ffa08b3d000 	C:\Windows\System32\msvcp_win.dll
0x00007ffa0ad30000 - 0x00007ffa0adce000 	C:\Windows\System32\msvcrt.dll
0x00007ffa0abd0000 - 0x00007ffa0ac00000 	C:\Windows\System32\IMM32.DLL
0x00007ff9db240000 - 0x00007ff9db2dd000 	C:\Program Files\Android\Android Studio\jre\bin\msvcp140.dll
0x00007ff9d99e0000 - 0x00007ff9da4b5000 	C:\Program Files\Android\Android Studio\jre\bin\server\jvm.dll
0x00007ffa0a740000 - 0x00007ffa0a7ee000 	C:\Windows\System32\ADVAPI32.dll
0x00007ffa0add0000 - 0x00007ffa0ae6c000 	C:\Windows\System32\sechost.dll
0x00007ffa0a8b0000 - 0x00007ffa0a9d5000 	C:\Windows\System32\RPCRT4.dll
0x00007ffa0a730000 - 0x00007ffa0a738000 	C:\Windows\System32\PSAPI.DLL
0x00007ff9fb630000 - 0x00007ff9fb639000 	C:\Windows\SYSTEM32\WSOCK32.dll
0x00007ffa0a9e0000 - 0x00007ffa0aa4b000 	C:\Windows\System32\WS2_32.dll
0x00007ff9fc190000 - 0x00007ff9fc1b7000 	C:\Windows\SYSTEM32\WINMM.dll
0x00007ff9fc610000 - 0x00007ff9fc61a000 	C:\Windows\SYSTEM32\VERSION.dll
0x00007ffa072d0000 - 0x00007ffa072e2000 	C:\Windows\SYSTEM32\kernel.appcore.dll
0x00007ff9ee3c0000 - 0x00007ff9ee3d1000 	C:\Program Files\Android\Android Studio\jre\bin\verify.dll
0x00007ff9fa520000 - 0x00007ff9fa704000 	C:\Windows\SYSTEM32\DBGHELP.DLL
0x00007ff9f48f0000 - 0x00007ff9f491c000 	C:\Windows\SYSTEM32\dbgcore.DLL
0x00007ffa08f70000 - 0x00007ffa08ff2000 	C:\Windows\System32\bcryptPrimitives.dll
0x00007ff9ecea0000 - 0x00007ff9ecec9000 	C:\Program Files\Android\Android Studio\jre\bin\java.dll
0x00007ff9faba0000 - 0x00007ff9fabab000 	C:\Program Files\Android\Android Studio\jre\bin\jimage.dll
0x00007ff9ee270000 - 0x00007ff9ee288000 	C:\Program Files\Android\Android Studio\jre\bin\zip.dll

dbghelp: loaded successfully - version: 4.0.5 - missing functions: none
symbol engine: initialized successfully - sym options: 0x614 - pdb path: .;C:\Program Files\Android\Android Studio\jre\bin;C:\Windows\SYSTEM32;C:\Windows\WinSxS\amd64_microsoft.windows.common-controls_6595b64144ccf1df_6.0.19041.1110_none_60b5254171f9507e;C:\Program Files\Android\Android Studio\jre\bin\server

VM Arguments:
java_command: org.jetbrains.kotlin.cli.jvm.K2JVMCompiler @C:\Users\Nader Mamdouh\AndroidStudioProjects\KidsDrawingApp\app\build\20220519_4426560605068023152.compiler.options
java_class_path (initial): C:\Users\Nader Mamdouh\.gradle\caches\modules-2\files-2.1\org.jetbrains.kotlin\kotlin-compiler-embeddable\1.5.30\3362a354066df1578a057c200da23cf2a1d8144f\kotlin-compiler-embeddable-1.5.30.jar;C:\Users\Nader Mamdouh\.gradle\caches\modules-2\files-2.1\org.jetbrains.kotlin\kotlin-reflect\1.5.30\6773e974437dd6432aa646cc2f8ab71de42b5773\kotlin-reflect-1.5.30.jar;C:\Users\Nader Mamdouh\.gradle\caches\modules-2\files-2.1\org.jetbrains.kotlin\kotlin-stdlib\1.5.30\d68efdea04955974ac1020f8f66ef8176bfbce1f\kotlin-stdlib-1.5.30.jar;C:\Users\Nader Mamdouh\.gradle\caches\modules-2\files-2.1\org.jetbrains.kotlin\kotlin-script-runtime\1.5.30\10697ab20bfd2f1b23baa91306950c36c4e89a8d\kotlin-script-runtime-1.5.30.jar;C:\Users\Nader Mamdouh\.gradle\caches\modules-2\files-2.1\org.jetbrains.kotlin\kotlin-daemon-embeddable\1.5.30\e355dc9011e559a475608265607948109e113ae0\kotlin-daemon-embeddable-1.5.30.jar;C:\Users\Nader Mamdouh\.gradle\caches\modules-2\files-2.1\org.jetbrains.intellij.deps\trove4j\1.0.20181211\216c2e14b070f334479d800987affe4054cd563f\trove4j-1.0.20181211.jar;C:\Users\Nader Mamdouh\.gradle\caches\modules-2\files-2.1\org.jetbrains\annotations\13.0\919f0dfe192fb4e063e7dacadee7f8bb9a2672a9\annotations-13.0.jar;C:\Users\Nader Mamdouh\.gradle\caches\modules-2\files-2.1\org.jetbrains.kotlin\kotlin-stdlib-common\1.5.30\649ffab7767038323fec0cc41e2d7b0a8f65a378\kotlin-stdlib-common-1.5.30.jar
Launcher Type: SUN_STANDARD

[Global flags]
     intx CICompilerCount                          = 3                                         {product} {ergonomic}
     uint ConcGCThreads                            = 1                                         {product} {ergonomic}
     uint G1ConcRefinementThreads                  = 4                                         {product} {ergonomic}
   size_t G1HeapRegionSize                         = 1048576                                   {product} {ergonomic}
    uintx GCDrainStackTargetSize                   = 64                                        {product} {ergonomic}
   size_t InitialHeapSize                          = 268435456                                 {product} {ergonomic}
   size_t MarkStackSize                            = 4194304                                   {product} {ergonomic}
   size_t MaxHeapSize                              = 4271898624                                {product} {ergonomic}
   size_t MinHeapDeltaBytes                        = 1048576                                   {product} {ergonomic}
    uintx NonNMethodCodeHeapSize                   = 5830732                                {pd product} {ergonomic}
    uintx NonProfiledCodeHeapSize                  = 122913754                              {pd product} {ergonomic}
    uintx ProfiledCodeHeapSize                     = 122913754                              {pd product} {ergonomic}
    uintx ReservedCodeCacheSize                    = 251658240                              {pd product} {ergonomic}
     bool SegmentedCodeCache                       = true                                      {product} {ergonomic}
     bool UseCompressedClassPointers               = true                                 {lp64_product} {ergonomic}
     bool UseCompressedOops                        = true                                 {lp64_product} {ergonomic}
     bool UseG1GC                                  = true                                      {product} {ergonomic}
     bool UseLargePagesIndividualAllocation        = false                                  {pd product} {ergonomic}

Logging:
Log output configuration:
 #0: stdout all=warning uptime,level,tags
 #1: stderr all=off uptime,level,tags

Environment Variables:
PATH=C:\Windows\system32;C:\Windows;C:\Windows\System32\Wbem;C:\Windows\System32\WindowsPowerShell\v1.0\;C:\Windows\System32\OpenSSH\;C:\Program Files (x86)\NVIDIA Corporation\PhysX\Common;C:\Program Files\Git\cmd;C:\Users\Nader Mamdouh\AppData\Local\Microsoft\WindowsApps;
USERNAME=Nader Mamdouh
OS=Windows_NT
PROCESSOR_IDENTIFIER=Intel64 Family 6 Model 69 Stepping 1, GenuineIntel



---------------  S Y S T E M  ---------------

OS: Windows 10 , 64 bit Build 19041 (10.0.19041.1706)
OS uptime: 2 days 22:21 hours

CPU:total 4 (initial active 4) (2 cores per cpu, 2 threads per core) family 6 model 69 stepping 1 microcode 0x25, cmov, cx8, fxsr, mmx, sse, sse2, sse3, ssse3, sse4.1, sse4.2, popcnt, avx, avx2, aes, clmul, erms, lzcnt, ht, tsc, tscinvbit, bmi1, bmi2, fma

Memory: 4k page, system-wide physical 16289M (331M free)
TotalPageFile size 31211M (AvailPageFile size 116M)
current process WorkingSet (physical memory assigned to process): 10M, peak: 10M
current process commit charge ("private bytes"): 52M, peak: 307M

vm_info: OpenJDK 64-Bit Server VM (11.0.11+9-b60-7590822) for windows-amd64 JRE (11.0.11+9-b60-7590822), built on Jul 29 2021 21:43:44 by "builder" with MS VC++ 14.0 (VS2015)

END.
